android/gradleBuild/outputs/logs/manifest-merger-debug-report.txt
-- Merging decision tree log ---
manifest
ADDED from examples/android/AndroidManifest.xml:16:1-81:12
	package
		ADDED from examples/android/AndroidManifest.xml:17:5-34
	xmlns:android
		ADDED from examples/android/AndroidManifest.xml:16:11-69
uses-sdk
ADDED from examples/android/AndroidManifest.xml:19:5-21:41
MERGED from [com.android.support.constraint:constraint-layout:1.0.2] AndroidManifest.xml:5:5-7:41
	android:targetSdkVersion
		ADDED from examples/android/AndroidManifest.xml:21:9-38
	android:minSdkVersion
		ADDED from examples/android/AndroidManifest.xml:20:9-35
uses-permission#android.permission.CAMERA
ADDED from examples/android/AndroidManifest.xml:23:5-65
	android:name
		ADDED from examples/android/AndroidManifest.xml:23:22-62
uses-feature#android.hardware.camera
ADDED from examples/android/AndroidManifest.xml:25:5-60
	android:name
		ADDED from examples/android/AndroidManifest.xml:25:19-57
uses-feature#android.hardware.camera.autofocus
ADDED from examples/android/AndroidManifest.xml:26:5-70
	android:name
		ADDED from examples/android/AndroidManifest.xml:26:19-67
uses-permission#android.permission.WRITE_EXTERNAL_STORAGE
ADDED from examples/android/AndroidManifest.xml:28:5-81
	android:name
		ADDED from examples/android/AndroidManifest.xml:28:22-78
uses-permission#android.permission.RECORD_AUDIO
ADDED from examples/android/AndroidManifest.xml:29:5-71
	android:name
		ADDED from examples/android/AndroidManifest.xml:29:22-68
uses-permission#android.permission.READ_PHONE_STATE
ADDED from examples/android/AndroidManifest.xml:30:5-75
	android:name
		ADDED from examples/android/AndroidManifest.xml:30:22-72
uses-permission#android.permission.READ_EXTERNAL_STORAGE
ADDED from examples/android/AndroidManifest.xml:31:5-80
	android:name
		ADDED from examples/android/AndroidManifest.xml:31:22-77
application
ADDED from examples/android/AndroidManifest.xml:33:5-79:19
MERGED from [org.tensorflow:tensorflow-android:1.4.0] AndroidManifest.xml:5:5-6:19
MERGED from [com.android.support.constraint:constraint-layout:1.0.2] AndroidManifest.xml:9:5-20
	android:label
		ADDED from examples/android/AndroidManifest.xml:36:9-41
	android:allowBackup
		ADDED from examples/android/AndroidManifest.xml:34:9-35
	android:icon
		ADDED from examples/android/AndroidManifest.xml:35:9-45
	android:theme
		ADDED from examples/android/AndroidManifest.xml:37:9-45
activity#org.tensorflow.demo.ClassifierActivity
ADDED from examples/android/AndroidManifest.xml:38:9-47:20
	android:screenOrientation
		ADDED from examples/android/AndroidManifest.xml:41:13-49
	android:label
		ADDED from examples/android/AndroidManifest.xml:40:13-65
	android:name
		ADDED from examples/android/AndroidManifest.xml:39:13-47
intent-filter#android.intent.action.MAIN+android.intent.category.LAUNCHER
ADDED from examples/android/AndroidManifest.xml:42:13-46:29
action#android.intent.action.MAIN
ADDED from examples/android/AndroidManifest.xml:43:17-69
	android:name
		ADDED from examples/android/AndroidManifest.xml:43:25-66
category#android.intent.category.LAUNCHER
ADDED from examples/android/AndroidManifest.xml:45:17-77
	android:name
		ADDED from examples/android/AndroidManifest.xml:45:27-74
activity#org.tensorflow.demo.DetectorActivity
ADDED from examples/android/AndroidManifest.xml:48:9-57:20
	android:screenOrientation
		ADDED from examples/android/AndroidManifest.xml:51:13-49
	android:label
		ADDED from examples/android/AndroidManifest.xml:50:13-60
	android:name
		ADDED from examples/android/AndroidManifest.xml:49:13-45
activity#org.tensorflow.demo.StylizeActivity
ADDED from examples/android/AndroidManifest.xml:58:9-67:20
	android:screenOrientation
		ADDED from examples/android/AndroidManifest.xml:61:13-49
	android:label
		ADDED from examples/android/AndroidManifest.xml:60:13-58
	android:name
		ADDED from examples/android/AndroidManifest.xml:59:13-44
activity#org.tensorflow.demo.SpeechActivity
ADDED from examples/android/AndroidManifest.xml:68:9-77:20
	android:screenOrientation
		ADDED from examples/android/AndroidManifest.xml:71:13-49
	android:label
		ADDED from examples/android/AndroidManifest.xml:70:13-57
	android:name
		ADDED from examples/android/AndroidManifest.xml:69:13-43
activity#org.tensorflow.demo.BenchmarkingActivity
ADDED from examples/android/AndroidManifest.xml:78:9-67
	android:name
		ADDED from examples/android/AndroidManifest.xml:78:19-55